0 verbose cli /home/nidhal/.nvm/versions/node/v24.11.0/bin/node /home/nidhal/.nvm/versions/node/v24.11.0/bin/npm
1 info using npm@11.6.1
2 info using node@v24.11.0
3 silly config load:file:/home/nidhal/.nvm/versions/node/v24.11.0/lib/node_modules/npm/npmrc
4 silly config load:file:/home/nidhal/devops-docker-ci/app/.npmrc
5 silly config load:file:/home/nidhal/.npmrc
6 silly config load:file:/home/nidhal/.nvm/versions/node/v24.11.0/etc/npmrc
7 verbose title npm install express
8 verbose argv "install" "express"
9 verbose logfile logs-max:10 dir:/home/nidhal/.npm/_logs/2026-01-23T13_22_38_036Z-
10 verbose logfile /home/nidhal/.npm/_logs/2026-01-23T13_22_38_036Z-debug-0.log
11 silly logfile start cleaning logs, removing 1 files
12 silly packumentCache heap:2233466880 maxSize:558366720 maxEntrySize:279183360
13 silly logfile done cleaning log files
14 silly idealTree buildDeps
15 silly fetch manifest express@*
16 silly packumentCache full:https://registry.npmjs.org/express cache-miss
17 http fetch GET 200 https://registry.npmjs.org/express 3240ms (cache updated)
18 silly packumentCache full:https://registry.npmjs.org/express set size:undefined disposed:false
19 silly placeDep ROOT express@5.2.1 OK for: app@1.0.0 want: *
20 silly fetch manifest qs@^6.14.0
21 silly packumentCache full:https://registry.npmjs.org/qs cache-miss
22 silly fetch manifest depd@^2.0.0
23 silly packumentCache full:https://registry.npmjs.org/depd cache-miss
24 silly fetch manifest etag@^1.8.1
25 silly packumentCache full:https://registry.npmjs.org/etag cache-miss
26 http fetch GET 200 https://registry.npmjs.org/etag 339ms (cache revalidated)
27 silly packumentCache full:https://registry.npmjs.org/etag set size:30032 disposed:false
28 silly fetch manifest once@^1.4.0
29 silly packumentCache full:https://registry.npmjs.org/once cache-miss
30 http fetch GET 200 https://registry.npmjs.org/once 241ms (cache revalidated)
31 silly packumentCache full:https://registry.npmjs.org/once set size:11768 disposed:false
32 silly fetch manifest send@^1.1.0
33 silly packumentCache full:https://registry.npmjs.org/send cache-miss
34 http fetch GET 200 https://registry.npmjs.org/send 229ms (cache updated)
35 silly packumentCache full:https://registry.npmjs.org/send set size:undefined disposed:false
36 silly fetch manifest vary@^1.1.2
37 silly packumentCache full:https://registry.npmjs.org/vary cache-miss
38 http fetch GET 200 https://registry.npmjs.org/depd 913ms (cache revalidated)
39 silly packumentCache full:https://registry.npmjs.org/depd set size:40182 disposed:false
40 silly fetch manifest debug@^4.4.0
41 silly packumentCache full:https://registry.npmjs.org/debug cache-miss
42 http fetch GET 200 https://registry.npmjs.org/vary 220ms (cache revalidated)
43 silly packumentCache full:https://registry.npmjs.org/vary set size:16018 disposed:false
44 silly fetch manifest fresh@^2.0.0
45 silly packumentCache full:https://registry.npmjs.org/fresh cache-miss
46 http fetch GET 200 https://registry.npmjs.org/debug 241ms (cache revalidated)
47 silly packumentCache full:https://registry.npmjs.org/debug set size:195840 disposed:false
48 silly fetch manifest cookie@^0.7.1
49 silly packumentCache full:https://registry.npmjs.org/cookie cache-miss
50 http fetch GET 200 https://registry.npmjs.org/fresh 245ms (cache revalidated)
51 silly packumentCache full:https://registry.npmjs.org/fresh set size:25427 disposed:false
52 silly fetch manifest router@^2.2.0
53 silly packumentCache full:https://registry.npmjs.org/router cache-miss
54 http fetch GET 200 https://registry.npmjs.org/qs 1617ms (cache updated)
55 silly packumentCache full:https://registry.npmjs.org/qs set size:undefined disposed:false
56 silly fetch manifest accepts@^2.0.0
57 silly packumentCache full:https://registry.npmjs.org/accepts cache-miss
58 http fetch GET 200 https://registry.npmjs.org/router 842ms (cache revalidated)
59 silly packumentCache full:https://registry.npmjs.org/router set size:116499 disposed:false
60 silly fetch manifest type-is@^2.0.1
61 silly packumentCache full:https://registry.npmjs.org/type-is cache-miss
62 http fetch GET 200 https://registry.npmjs.org/cookie 1301ms (cache updated)
63 silly packumentCache full:https://registry.npmjs.org/cookie set size:undefined disposed:false
64 silly fetch manifest parseurl@^1.3.3
65 silly packumentCache full:https://registry.npmjs.org/parseurl cache-miss
66 http fetch GET 200 https://registry.npmjs.org/accepts 837ms (cache revalidated)
67 silly packumentCache full:https://registry.npmjs.org/accepts set size:77054 disposed:false
68 silly fetch manifest statuses@^2.0.1
69 silly packumentCache full:https://registry.npmjs.org/statuses cache-miss
70 http fetch GET 200 https://registry.npmjs.org/type-is 673ms (cache revalidated)
71 silly packumentCache full:https://registry.npmjs.org/type-is set size:86196 disposed:false
72 silly fetch manifest encodeurl@^2.0.0
73 silly packumentCache full:https://registry.npmjs.org/encodeurl cache-miss
74 http fetch GET 200 https://registry.npmjs.org/parseurl 549ms (cache revalidated)
75 silly packumentCache full:https://registry.npmjs.org/parseurl set size:24148 disposed:false
76 silly fetch manifest mime-types@^3.0.0
77 silly packumentCache full:https://registry.npmjs.org/mime-types cache-miss
78 http fetch GET 200 https://registry.npmjs.org/statuses 607ms (cache revalidated)
79 silly packumentCache full:https://registry.npmjs.org/statuses set size:37117 disposed:false
80 silly fetch manifest proxy-addr@^2.0.7
81 silly packumentCache full:https://registry.npmjs.org/proxy-addr cache-miss
82 http fetch GET 200 https://registry.npmjs.org/encodeurl 530ms (cache revalidated)
83 silly packumentCache full:https://registry.npmjs.org/encodeurl set size:12296 disposed:false
84 silly fetch manifest body-parser@^2.2.1
85 silly packumentCache full:https://registry.npmjs.org/body-parser cache-miss
86 http fetch GET 200 https://registry.npmjs.org/proxy-addr 800ms (cache revalidated)
87 silly packumentCache full:https://registry.npmjs.org/proxy-addr set size:61619 disposed:false
88 silly fetch manifest escape-html@^1.0.3
89 silly packumentCache full:https://registry.npmjs.org/escape-html cache-miss
90 http fetch GET 200 https://registry.npmjs.org/mime-types 1631ms (cache updated)
91 silly packumentCache full:https://registry.npmjs.org/mime-types set size:undefined disposed:false
92 silly fetch manifest http-errors@^2.0.0
93 silly packumentCache full:https://registry.npmjs.org/http-errors cache-miss
94 http fetch GET 200 https://registry.npmjs.org/escape-html 847ms (cache revalidated)
95 silly packumentCache full:https://registry.npmjs.org/escape-html set size:7345 disposed:false
96 silly fetch manifest on-finished@^2.4.1
97 silly packumentCache full:https://registry.npmjs.org/on-finished cache-miss
98 http fetch GET 200 https://registry.npmjs.org/on-finished 832ms (cache revalidated)
99 silly packumentCache full:https://registry.npmjs.org/on-finished set size:23212 disposed:false
100 silly fetch manifest content-type@^1.0.5
101 silly packumentCache full:https://registry.npmjs.org/content-type cache-miss
102 http fetch GET 200 https://registry.npmjs.org/body-parser 2406ms (cache updated)
103 silly packumentCache full:https://registry.npmjs.org/body-parser set size:undefined disposed:false
104 silly fetch manifest finalhandler@^2.1.0
105 silly packumentCache full:https://registry.npmjs.org/finalhandler cache-miss
106 http fetch GET 200 https://registry.npmjs.org/content-type 751ms (cache revalidated)
107 silly packumentCache full:https://registry.npmjs.org/content-type set size:17311 disposed:false
108 silly fetch manifest range-parser@^1.2.1
109 silly packumentCache full:https://registry.npmjs.org/range-parser cache-miss
110 http fetch GET 200 https://registry.npmjs.org/finalhandler 736ms (cache updated)
111 silly packumentCache full:https://registry.npmjs.org/finalhandler set size:undefined disposed:false
112 silly fetch manifest serve-static@^2.2.0
113 silly packumentCache full:https://registry.npmjs.org/serve-static cache-miss
114 http fetch GET 200 https://registry.npmjs.org/range-parser 519ms (cache revalidated)
115 silly packumentCache full:https://registry.npmjs.org/range-parser set size:22228 disposed:false
116 silly fetch manifest cookie-signature@^1.2.1
117 silly packumentCache full:https://registry.npmjs.org/cookie-signature cache-miss
118 http fetch GET 200 https://registry.npmjs.org/cookie-signature 854ms (cache revalidated)
119 silly packumentCache full:https://registry.npmjs.org/cookie-signature set size:21777 disposed:false
120 silly fetch manifest merge-descriptors@^2.0.0
121 silly packumentCache full:https://registry.npmjs.org/merge-descriptors cache-miss
122 http fetch GET 200 https://registry.npmjs.org/http-errors 4575ms (cache updated)
123 silly packumentCache full:https://registry.npmjs.org/http-errors set size:undefined disposed:false
124 silly fetch manifest content-disposition@^1.0.0
125 silly packumentCache full:https://registry.npmjs.org/content-disposition cache-miss
126 http fetch GET 200 https://registry.npmjs.org/merge-descriptors 2153ms (cache revalidated)
127 silly packumentCache full:https://registry.npmjs.org/merge-descriptors set size:16527 disposed:false
128 http fetch GET 200 https://registry.npmjs.org/content-disposition 2372ms (cache updated)
129 silly packumentCache full:https://registry.npmjs.org/content-disposition set size:undefined disposed:false
130 http fetch GET 200 https://registry.npmjs.org/serve-static 6589ms (cache updated)
131 silly packumentCache full:https://registry.npmjs.org/serve-static set size:undefined disposed:false
132 silly placeDep ROOT accepts@2.0.0 OK for: express@5.2.1 want: ^2.0.0
133 silly placeDep ROOT body-parser@2.2.2 OK for: express@5.2.1 want: ^2.2.1
134 silly placeDep ROOT content-disposition@1.0.1 OK for: express@5.2.1 want: ^1.0.0
135 silly placeDep ROOT content-type@1.0.5 OK for: express@5.2.1 want: ^1.0.5
136 silly placeDep ROOT cookie@0.7.2 OK for: express@5.2.1 want: ^0.7.1
137 silly placeDep ROOT cookie-signature@1.2.2 OK for: express@5.2.1 want: ^1.2.1
138 silly placeDep ROOT debug@4.4.3 OK for: express@5.2.1 want: ^4.4.0
139 silly placeDep ROOT depd@2.0.0 OK for: express@5.2.1 want: ^2.0.0
140 silly placeDep ROOT encodeurl@2.0.0 OK for: express@5.2.1 want: ^2.0.0
141 silly placeDep ROOT escape-html@1.0.3 OK for: express@5.2.1 want: ^1.0.3
142 silly placeDep ROOT etag@1.8.1 OK for: express@5.2.1 want: ^1.8.1
143 silly placeDep ROOT finalhandler@2.1.1 OK for: express@5.2.1 want: ^2.1.0
144 silly placeDep ROOT fresh@2.0.0 OK for: express@5.2.1 want: ^2.0.0
145 silly placeDep ROOT http-errors@2.0.1 OK for: express@5.2.1 want: ^2.0.0
146 silly placeDep ROOT merge-descriptors@2.0.0 OK for: express@5.2.1 want: ^2.0.0
147 silly placeDep ROOT mime-types@3.0.2 OK for: express@5.2.1 want: ^3.0.0
148 silly placeDep ROOT on-finished@2.4.1 OK for: express@5.2.1 want: ^2.4.1
149 silly placeDep ROOT once@1.4.0 OK for: express@5.2.1 want: ^1.4.0
150 silly placeDep ROOT parseurl@1.3.3 OK for: express@5.2.1 want: ^1.3.3
151 silly placeDep ROOT proxy-addr@2.0.7 OK for: express@5.2.1 want: ^2.0.7
152 silly placeDep ROOT qs@6.14.1 OK for: express@5.2.1 want: ^6.14.0
153 silly placeDep ROOT range-parser@1.2.1 OK for: express@5.2.1 want: ^1.2.1
154 silly placeDep ROOT router@2.2.0 OK for: express@5.2.1 want: ^2.2.0
155 silly placeDep ROOT send@1.2.1 OK for: express@5.2.1 want: ^1.1.0
156 silly placeDep ROOT serve-static@2.2.1 OK for: express@5.2.1 want: ^2.2.0
157 silly placeDep ROOT statuses@2.0.2 OK for: express@5.2.1 want: ^2.0.1
158 silly placeDep ROOT type-is@2.0.1 OK for: express@5.2.1 want: ^2.0.1
159 silly placeDep ROOT vary@1.1.2 OK for: express@5.2.1 want: ^1.1.2
160 silly fetch manifest negotiator@^1.0.0
161 silly packumentCache full:https://registry.npmjs.org/negotiator cache-miss
162 silly fetch manifest bytes@^3.1.2
163 silly packumentCache full:https://registry.npmjs.org/bytes cache-miss
164 silly fetch manifest debug@^4.4.3
165 silly packumentCache full:https://registry.npmjs.org/debug cache-hit
166 silly fetch manifest iconv-lite@^0.7.0
167 silly packumentCache full:https://registry.npmjs.org/iconv-lite cache-miss
168 http fetch GET 200 https://registry.npmjs.org/bytes 292ms (cache revalidated)
169 silly packumentCache full:https://registry.npmjs.org/bytes set size:37018 disposed:false
170 silly fetch manifest qs@^6.14.1
171 silly packumentCache full:https://registry.npmjs.org/qs cache-miss
172 http fetch GET 200 https://registry.npmjs.org/negotiator 298ms (cache revalidated)
173 silly packumentCache full:https://registry.npmjs.org/negotiator set size:48046 disposed:false
174 silly fetch manifest raw-body@^3.0.1
175 silly packumentCache full:https://registry.npmjs.org/raw-body cache-miss
176 http cache https://registry.npmjs.org/qs 7ms (cache hit)
177 silly packumentCache full:https://registry.npmjs.org/qs set size:268000 disposed:false
178 silly fetch manifest ms@^2.1.3
179 silly packumentCache full:https://registry.npmjs.org/ms cache-miss
180 http fetch GET 200 https://registry.npmjs.org/iconv-lite 387ms (cache updated)
181 silly packumentCache full:https://registry.npmjs.org/iconv-lite set size:undefined disposed:false
182 silly fetch manifest inherits@~2.0.4
183 silly packumentCache full:https://registry.npmjs.org/inherits cache-miss
184 http fetch GET 200 https://registry.npmjs.org/inherits 301ms (cache revalidated)
185 silly packumentCache full:https://registry.npmjs.org/inherits set size:12925 disposed:false
186 silly fetch manifest setprototypeof@~1.2.0
187 silly packumentCache full:https://registry.npmjs.org/setprototypeof cache-miss
188 http fetch GET 200 https://registry.npmjs.org/ms 389ms (cache revalidated)
189 silly packumentCache full:https://registry.npmjs.org/ms set size:92208 disposed:false
190 silly fetch manifest statuses@~2.0.2
191 silly packumentCache full:https://registry.npmjs.org/statuses cache-hit
192 silly fetch manifest toidentifier@~1.0.1
193 silly packumentCache full:https://registry.npmjs.org/toidentifier cache-miss
194 http fetch GET 200 https://registry.npmjs.org/raw-body 442ms (cache updated)
195 silly packumentCache full:https://registry.npmjs.org/raw-body set size:undefined disposed:false
196 silly fetch manifest mime-db@^1.54.0
197 silly packumentCache full:https://registry.npmjs.org/mime-db cache-miss
198 http fetch GET 200 https://registry.npmjs.org/setprototypeof 262ms (cache revalidated)
199 silly packumentCache full:https://registry.npmjs.org/setprototypeof set size:14532 disposed:false
200 silly fetch manifest ee-first@1.1.1
201 silly packumentCache full:https://registry.npmjs.org/ee-first cache-miss
202 http fetch GET 200 https://registry.npmjs.org/toidentifier 261ms (cache revalidated)
203 silly packumentCache full:https://registry.npmjs.org/toidentifier set size:12006 disposed:false
204 silly fetch manifest wrappy@1
205 silly packumentCache full:https://registry.npmjs.org/wrappy cache-miss
206 http fetch GET 200 https://registry.npmjs.org/mime-db 255ms (cache revalidated)
207 silly packumentCache full:https://registry.npmjs.org/mime-db set size:164953 disposed:false
208 silly fetch manifest forwarded@0.2.0
209 silly packumentCache full:https://registry.npmjs.org/forwarded cache-miss
210 http fetch GET 200 https://registry.npmjs.org/ee-first 628ms (cache revalidated)
211 silly packumentCache full:https://registry.npmjs.org/ee-first set size:15327 disposed:false
212 silly fetch manifest ipaddr.js@1.9.1
213 silly packumentCache full:https://registry.npmjs.org/ipaddr.js cache-miss
214 http fetch GET 200 https://registry.npmjs.org/wrappy 678ms (cache revalidated)
215 silly packumentCache full:https://registry.npmjs.org/wrappy set size:7682 disposed:false
216 silly fetch manifest side-channel@^1.1.0
217 silly packumentCache full:https://registry.npmjs.org/side-channel cache-miss
218 http fetch GET 200 https://registry.npmjs.org/forwarded 812ms (cache revalidated)
219 silly packumentCache full:https://registry.npmjs.org/forwarded set size:11229 disposed:false
220 silly fetch manifest is-promise@^4.0.0
221 silly packumentCache full:https://registry.npmjs.org/is-promise cache-miss
222 http fetch GET 200 https://registry.npmjs.org/side-channel 634ms (cache revalidated)
223 silly packumentCache full:https://registry.npmjs.org/side-channel set size:24660 disposed:false
224 silly fetch manifest path-to-regexp@^8.0.0
225 silly packumentCache full:https://registry.npmjs.org/path-to-regexp cache-miss
226 http fetch GET 200 https://registry.npmjs.org/is-promise 527ms (cache revalidated)
227 silly packumentCache full:https://registry.npmjs.org/is-promise set size:18599 disposed:false
228 silly fetch manifest statuses@^2.0.2
229 silly packumentCache full:https://registry.npmjs.org/statuses cache-hit
230 silly fetch manifest media-typer@^1.1.0
231 silly packumentCache full:https://registry.npmjs.org/media-typer cache-miss
232 http fetch GET 200 https://registry.npmjs.org/ipaddr.js 961ms (cache updated)
233 silly packumentCache full:https://registry.npmjs.org/ipaddr.js set size:undefined disposed:false
234 http fetch GET 200 https://registry.npmjs.org/path-to-regexp 356ms (cache revalidated)
235 silly packumentCache full:https://registry.npmjs.org/path-to-regexp set size:207142 disposed:false
236 http fetch GET 200 https://registry.npmjs.org/media-typer 372ms (cache revalidated)
237 silly packumentCache full:https://registry.npmjs.org/media-typer set size:20873 disposed:false
238 silly placeDep ROOT negotiator@1.0.0 OK for: accepts@2.0.0 want: ^1.0.0
239 silly placeDep ROOT bytes@3.1.2 OK for: body-parser@2.2.2 want: ^3.1.2
240 silly placeDep ROOT iconv-lite@0.7.2 OK for: body-parser@2.2.2 want: ^0.7.0
241 silly placeDep ROOT raw-body@3.0.2 OK for: body-parser@2.2.2 want: ^3.0.1
242 silly fetch manifest safer-buffer@>= 2.1.2 < 3.0.0
243 silly packumentCache full:https://registry.npmjs.org/safer-buffer cache-miss
244 silly fetch manifest unpipe@~1.0.0
245 silly packumentCache full:https://registry.npmjs.org/unpipe cache-miss
246 http fetch GET 200 https://registry.npmjs.org/safer-buffer 483ms (cache revalidated)
247 silly packumentCache full:https://registry.npmjs.org/safer-buffer set size:18521 disposed:false
248 http fetch GET 200 https://registry.npmjs.org/unpipe 533ms (cache revalidated)
249 silly packumentCache full:https://registry.npmjs.org/unpipe set size:3537 disposed:false
250 silly placeDep ROOT ms@2.1.3 OK for: debug@4.4.3 want: ^2.1.3
251 silly placeDep ROOT inherits@2.0.4 OK for: http-errors@2.0.1 want: ~2.0.4
252 silly placeDep ROOT setprototypeof@1.2.0 OK for: http-errors@2.0.1 want: ~1.2.0
253 silly placeDep ROOT toidentifier@1.0.1 OK for: http-errors@2.0.1 want: ~1.0.1
254 silly placeDep ROOT safer-buffer@2.1.2 OK for: iconv-lite@0.7.2 want: >= 2.1.2 < 3.0.0
255 silly placeDep ROOT mime-db@1.54.0 OK for: mime-types@3.0.2 want: ^1.54.0
256 silly placeDep ROOT ee-first@1.1.1 OK for: on-finished@2.4.1 want: 1.1.1
257 silly placeDep ROOT wrappy@1.0.2 OK for: once@1.4.0 want: 1
258 silly placeDep ROOT forwarded@0.2.0 OK for: proxy-addr@2.0.7 want: 0.2.0
259 silly placeDep ROOT ipaddr.js@1.9.1 OK for: proxy-addr@2.0.7 want: 1.9.1
260 silly placeDep ROOT side-channel@1.1.0 OK for: qs@6.14.1 want: ^1.1.0
261 silly fetch manifest es-errors@^1.3.0
262 silly packumentCache full:https://registry.npmjs.org/es-errors cache-miss
263 silly fetch manifest object-inspect@^1.13.3
264 silly packumentCache full:https://registry.npmjs.org/object-inspect cache-miss
265 silly fetch manifest side-channel-list@^1.0.0
266 silly packumentCache full:https://registry.npmjs.org/side-channel-list cache-miss
267 http fetch GET 200 https://registry.npmjs.org/side-channel-list 1365ms (cache revalidated)
268 silly packumentCache full:https://registry.npmjs.org/side-channel-list set size:6005 disposed:false
269 silly fetch manifest side-channel-map@^1.0.1
270 silly packumentCache full:https://registry.npmjs.org/side-channel-map cache-miss
271 http fetch GET 200 https://registry.npmjs.org/object-inspect 1369ms (cache revalidated)
272 silly packumentCache full:https://registry.npmjs.org/object-inspect set size:101912 disposed:false
273 silly fetch manifest side-channel-weakmap@^1.0.2
274 silly packumentCache full:https://registry.npmjs.org/side-channel-weakmap cache-miss
275 http fetch GET 200 https://registry.npmjs.org/es-errors 1410ms (cache revalidated)
276 silly packumentCache full:https://registry.npmjs.org/es-errors set size:16918 disposed:false
277 http fetch GET 200 https://registry.npmjs.org/side-channel-map 620ms (cache revalidated)
278 silly packumentCache full:https://registry.npmjs.org/side-channel-map set size:9126 disposed:false
279 http fetch GET 200 https://registry.npmjs.org/side-channel-weakmap 662ms (cache revalidated)
280 silly packumentCache full:https://registry.npmjs.org/side-channel-weakmap set size:12620 disposed:false
281 silly placeDep ROOT unpipe@1.0.0 OK for: raw-body@3.0.2 want: ~1.0.0
282 silly placeDep ROOT is-promise@4.0.0 OK for: router@2.2.0 want: ^4.0.0
283 silly placeDep ROOT path-to-regexp@8.3.0 OK for: router@2.2.0 want: ^8.0.0
284 silly placeDep ROOT es-errors@1.3.0 OK for: side-channel@1.1.0 want: ^1.3.0
285 silly placeDep ROOT object-inspect@1.13.4 OK for: side-channel@1.1.0 want: ^1.13.3
286 silly placeDep ROOT side-channel-list@1.0.0 OK for: side-channel@1.1.0 want: ^1.0.0
287 silly placeDep ROOT side-channel-map@1.0.1 OK for: side-channel@1.1.0 want: ^1.0.1
288 silly placeDep ROOT side-channel-weakmap@1.0.2 OK for: side-channel@1.1.0 want: ^1.0.2
289 silly fetch manifest call-bound@^1.0.2
290 silly packumentCache full:https://registry.npmjs.org/call-bound cache-miss
291 silly fetch manifest get-intrinsic@^1.2.5
292 silly packumentCache full:https://registry.npmjs.org/get-intrinsic cache-miss
293 silly fetch manifest call-bound@^1.0.2
294 silly packumentCache full:https://registry.npmjs.org/call-bound cache-miss
295 http fetch GET 200 https://registry.npmjs.org/call-bound 822ms (cache revalidated)
296 silly packumentCache full:https://registry.npmjs.org/call-bound set size:15317 disposed:false
297 silly fetch manifest get-intrinsic@^1.2.5
298 silly packumentCache full:https://registry.npmjs.org/get-intrinsic cache-miss
299 http fetch GET 200 https://registry.npmjs.org/call-bound 823ms (cache revalidated)
300 silly packumentCache full:https://registry.npmjs.org/call-bound set size:15317 disposed:false
301 silly packumentCache full:https://registry.npmjs.org/call-bound dispose
302 http fetch GET 200 https://registry.npmjs.org/get-intrinsic 826ms (cache revalidated)
303 silly packumentCache full:https://registry.npmjs.org/get-intrinsic set size:60985 disposed:false
304 http cache https://registry.npmjs.org/get-intrinsic 6ms (cache hit)
305 silly packumentCache full:https://registry.npmjs.org/get-intrinsic set size:60985 disposed:false
306 silly packumentCache full:https://registry.npmjs.org/get-intrinsic dispose
307 silly placeDep ROOT call-bound@1.0.4 OK for: side-channel-map@1.0.1 want: ^1.0.2
308 silly placeDep ROOT get-intrinsic@1.3.0 OK for: side-channel-map@1.0.1 want: ^1.2.5
309 silly fetch manifest call-bind-apply-helpers@^1.0.2
310 silly packumentCache full:https://registry.npmjs.org/call-bind-apply-helpers cache-miss
311 silly fetch manifest get-intrinsic@^1.3.0
312 silly packumentCache full:https://registry.npmjs.org/get-intrinsic cache-hit
313 silly fetch manifest gopd@^1.2.0
314 silly packumentCache full:https://registry.npmjs.org/gopd cache-miss
315 silly fetch manifest hasown@^2.0.2
316 silly packumentCache full:https://registry.npmjs.org/hasown cache-miss
317 http fetch GET 200 https://registry.npmjs.org/gopd 296ms (cache revalidated)
318 silly packumentCache full:https://registry.npmjs.org/gopd set size:11458 disposed:false
319 silly fetch manifest get-proto@^1.0.1
320 silly packumentCache full:https://registry.npmjs.org/get-proto cache-miss
321 http fetch GET 200 https://registry.npmjs.org/call-bind-apply-helpers 331ms (cache revalidated)
322 silly packumentCache full:https://registry.npmjs.org/call-bind-apply-helpers set size:12744 disposed:false
323 silly fetch manifest has-symbols@^1.1.0
324 silly packumentCache full:https://registry.npmjs.org/has-symbols cache-miss
325 http fetch GET 200 https://registry.npmjs.org/hasown 334ms (cache revalidated)
326 silly packumentCache full:https://registry.npmjs.org/hasown set size:12476 disposed:false
327 silly fetch manifest function-bind@^1.1.2
328 silly packumentCache full:https://registry.npmjs.org/function-bind cache-miss
329 http fetch GET 200 https://registry.npmjs.org/get-proto 714ms (cache revalidated)
330 silly packumentCache full:https://registry.npmjs.org/get-proto set size:8300 disposed:false
331 silly fetch manifest es-object-atoms@^1.1.1
332 silly packumentCache full:https://registry.npmjs.org/es-object-atoms cache-miss
333 http fetch GET 200 https://registry.npmjs.org/has-symbols 839ms (cache revalidated)
334 silly packumentCache full:https://registry.npmjs.org/has-symbols set size:21550 disposed:false
335 silly fetch manifest math-intrinsics@^1.1.0
336 silly packumentCache full:https://registry.npmjs.org/math-intrinsics cache-miss
337 http fetch GET 200 https://registry.npmjs.org/es-object-atoms 805ms (cache revalidated)
338 silly packumentCache full:https://registry.npmjs.org/es-object-atoms set size:15304 disposed:false
339 silly fetch manifest es-define-property@^1.0.1
340 silly packumentCache full:https://registry.npmjs.org/es-define-property cache-miss
341 http fetch GET 200 https://registry.npmjs.org/math-intrinsics 696ms (cache revalidated)
342 silly packumentCache full:https://registry.npmjs.org/math-intrinsics set size:9265 disposed:false
343 http fetch GET 200 https://registry.npmjs.org/function-bind 1645ms (cache revalidated)
344 silly packumentCache full:https://registry.npmjs.org/function-bind set size:15733 disposed:false
345 http fetch GET 200 https://registry.npmjs.org/es-define-property 243ms (cache revalidated)
346 silly packumentCache full:https://registry.npmjs.org/es-define-property set size:8542 disposed:false
347 silly placeDep ROOT call-bind-apply-helpers@1.0.2 OK for: call-bound@1.0.4 want: ^1.0.2
348 silly placeDep ROOT function-bind@1.1.2 OK for: call-bind-apply-helpers@1.0.2 want: ^1.1.2
349 silly placeDep ROOT es-define-property@1.0.1 OK for: get-intrinsic@1.3.0 want: ^1.0.1
350 silly placeDep ROOT es-object-atoms@1.1.1 OK for: get-intrinsic@1.3.0 want: ^1.1.1
351 silly placeDep ROOT get-proto@1.0.1 OK for: get-intrinsic@1.3.0 want: ^1.0.1
352 silly placeDep ROOT gopd@1.2.0 OK for: get-intrinsic@1.3.0 want: ^1.2.0
353 silly placeDep ROOT has-symbols@1.1.0 OK for: get-intrinsic@1.3.0 want: ^1.1.0
354 silly placeDep ROOT hasown@2.0.2 OK for: get-intrinsic@1.3.0 want: ^2.0.2
355 silly placeDep ROOT math-intrinsics@1.1.0 OK for: get-intrinsic@1.3.0 want: ^1.1.0
356 silly fetch manifest dunder-proto@^1.0.1
357 silly packumentCache full:https://registry.npmjs.org/dunder-proto cache-miss
358 http fetch GET 200 https://registry.npmjs.org/dunder-proto 430ms (cache revalidated)
359 silly packumentCache full:https://registry.npmjs.org/dunder-proto set size:8256 disposed:false
360 silly placeDep ROOT dunder-proto@1.0.1 OK for: get-proto@1.0.1 want: ^1.0.1
361 silly placeDep ROOT media-typer@1.1.0 OK for: type-is@2.0.1 want: ^1.1.0
362 silly reify moves {}
363 silly audit bulk request {
363 silly audit   express: [ '5.2.1' ],
363 silly audit   accepts: [ '2.0.0' ],
363 silly audit   'body-parser': [ '2.2.2' ],
363 silly audit   'content-disposition': [ '1.0.1' ],
363 silly audit   'content-type': [ '1.0.5' ],
363 silly audit   cookie: [ '0.7.2' ],
363 silly audit   'cookie-signature': [ '1.2.2' ],
363 silly audit   debug: [ '4.4.3' ],
363 silly audit   depd: [ '2.0.0' ],
363 silly audit   encodeurl: [ '2.0.0' ],
363 silly audit   'escape-html': [ '1.0.3' ],
363 silly audit   etag: [ '1.8.1' ],
363 silly audit   finalhandler: [ '2.1.1' ],
363 silly audit   fresh: [ '2.0.0' ],
363 silly audit   'http-errors': [ '2.0.1' ],
363 silly audit   'merge-descriptors': [ '2.0.0' ],
363 silly audit   'mime-types': [ '3.0.2' ],
363 silly audit   'on-finished': [ '2.4.1' ],
363 silly audit   once: [ '1.4.0' ],
363 silly audit   parseurl: [ '1.3.3' ],
363 silly audit   'proxy-addr': [ '2.0.7' ],
363 silly audit   qs: [ '6.14.1' ],
363 silly audit   'range-parser': [ '1.2.1' ],
363 silly audit   router: [ '2.2.0' ],
363 silly audit   send: [ '1.2.1' ],
363 silly audit   'serve-static': [ '2.2.1' ],
363 silly audit   statuses: [ '2.0.2' ],
363 silly audit   'type-is': [ '2.0.1' ],
363 silly audit   vary: [ '1.1.2' ],
363 silly audit   negotiator: [ '1.0.0' ],
363 silly audit   bytes: [ '3.1.2' ],
363 silly audit   'iconv-lite': [ '0.7.2' ],
363 silly audit   'raw-body': [ '3.0.2' ],
363 silly audit   ms: [ '2.1.3' ],
363 silly audit   inherits: [ '2.0.4' ],
363 silly audit   setprototypeof: [ '1.2.0' ],
363 silly audit   toidentifier: [ '1.0.1' ],
363 silly audit   'safer-buffer': [ '2.1.2' ],
363 silly audit   'mime-db': [ '1.54.0' ],
363 silly audit   'ee-first': [ '1.1.1' ],
363 silly audit   wrappy: [ '1.0.2' ],
363 silly audit   forwarded: [ '0.2.0' ],
363 silly audit   'ipaddr.js': [ '1.9.1' ],
363 silly audit   'side-channel': [ '1.1.0' ],
363 silly audit   unpipe: [ '1.0.0' ],
363 silly audit   'is-promise': [ '4.0.0' ],
363 silly audit   'path-to-regexp': [ '8.3.0' ],
363 silly audit   'es-errors': [ '1.3.0' ],
363 silly audit   'object-inspect': [ '1.13.4' ],
363 silly audit   'side-channel-list': [ '1.0.0' ],
363 silly audit   'side-channel-map': [ '1.0.1' ],
363 silly audit   'side-channel-weakmap': [ '1.0.2' ],
363 silly audit   'call-bound': [ '1.0.4' ],
363 silly audit   'get-intrinsic': [ '1.3.0' ],
363 silly audit   'call-bind-apply-helpers': [ '1.0.2' ],
363 silly audit   'function-bind': [ '1.1.2' ],
363 silly audit   'es-define-property': [ '1.0.1' ],
363 silly audit   'es-object-atoms': [ '1.1.1' ],
363 silly audit   'get-proto': [ '1.0.1' ],
363 silly audit   gopd: [ '1.2.0' ],
363 silly audit   'has-symbols': [ '1.1.0' ],
363 silly audit   hasown: [ '2.0.2' ],
363 silly audit   'math-intrinsics': [ '1.1.0' ],
363 silly audit   'dunder-proto': [ '1.0.1' ],
363 silly audit   'media-typer': [ '1.1.0' ]
363 silly audit }
364 http cache dunder-proto@https://registry.npmjs.org/dunder-proto/-/dunder-proto-1.0.1.tgz 0ms (cache hit)
365 http cache hasown@https://registry.npmjs.org/hasown/-/hasown-2.0.2.tgz 0ms (cache hit)
366 http cache math-intrinsics@https://registry.npmjs.org/math-intrinsics/-/math-intrinsics-1.1.0.tgz 0ms (cache hit)
367 http cache media-typer@https://registry.npmjs.org/media-typer/-/media-typer-1.1.0.tgz 0ms (cache hit)
368 http cache has-symbols@https://registry.npmjs.org/has-symbols/-/has-symbols-1.1.0.tgz 0ms (cache hit)
369 http cache get-proto@https://registry.npmjs.org/get-proto/-/get-proto-1.0.1.tgz 0ms (cache hit)
370 http cache es-object-atoms@https://registry.npmjs.org/es-object-atoms/-/es-object-atoms-1.1.1.tgz 0ms (cache hit)
371 http cache es-define-property@https://registry.npmjs.org/es-define-property/-/es-define-property-1.0.1.tgz 0ms (cache hit)
372 http cache gopd@https://registry.npmjs.org/gopd/-/gopd-1.2.0.tgz 0ms (cache hit)
373 http cache function-bind@https://registry.npmjs.org/function-bind/-/function-bind-1.1.2.tgz 0ms (cache hit)
374 http cache call-bind-apply-helpers@https://registry.npmjs.org/call-bind-apply-helpers/-/call-bind-apply-helpers-1.0.2.tgz 0ms (cache hit)
375 http cache get-intrinsic@https://registry.npmjs.org/get-intrinsic/-/get-intrinsic-1.3.0.tgz 0ms (cache hit)
376 http cache call-bound@https://registry.npmjs.org/call-bound/-/call-bound-1.0.4.tgz 0ms (cache hit)
377 http cache side-channel-weakmap@https://registry.npmjs.org/side-channel-weakmap/-/side-channel-weakmap-1.0.2.tgz 0ms (cache hit)
378 http cache side-channel-map@https://registry.npmjs.org/side-channel-map/-/side-channel-map-1.0.1.tgz 0ms (cache hit)
379 http cache side-channel-list@https://registry.npmjs.org/side-channel-list/-/side-channel-list-1.0.0.tgz 0ms (cache hit)
380 http cache object-inspect@https://registry.npmjs.org/object-inspect/-/object-inspect-1.13.4.tgz 0ms (cache hit)
381 http cache es-errors@https://registry.npmjs.org/es-errors/-/es-errors-1.3.0.tgz 0ms (cache hit)
382 http cache path-to-regexp@https://registry.npmjs.org/path-to-regexp/-/path-to-regexp-8.3.0.tgz 0ms (cache hit)
383 http cache is-promise@https://registry.npmjs.org/is-promise/-/is-promise-4.0.0.tgz 0ms (cache hit)
384 http cache unpipe@https://registry.npmjs.org/unpipe/-/unpipe-1.0.0.tgz 0ms (cache hit)
385 http cache side-channel@https://registry.npmjs.org/side-channel/-/side-channel-1.1.0.tgz 0ms (cache hit)
386 http cache ipaddr.js@https://registry.npmjs.org/ipaddr.js/-/ipaddr.js-1.9.1.tgz 0ms (cache hit)
387 http cache forwarded@https://registry.npmjs.org/forwarded/-/forwarded-0.2.0.tgz 0ms (cache hit)
388 http cache wrappy@https://registry.npmjs.org/wrappy/-/wrappy-1.0.2.tgz 0ms (cache hit)
389 http cache ee-first@https://registry.npmjs.org/ee-first/-/ee-first-1.1.1.tgz 0ms (cache hit)
390 http cache mime-db@https://registry.npmjs.org/mime-db/-/mime-db-1.54.0.tgz 0ms (cache hit)
391 http cache safer-buffer@https://registry.npmjs.org/safer-buffer/-/safer-buffer-2.1.2.tgz 0ms (cache hit)
392 http cache toidentifier@https://registry.npmjs.org/toidentifier/-/toidentifier-1.0.1.tgz 0ms (cache hit)
393 http cache inherits@https://registry.npmjs.org/inherits/-/inherits-2.0.4.tgz 0ms (cache hit)
394 http cache setprototypeof@https://registry.npmjs.org/setprototypeof/-/setprototypeof-1.2.0.tgz 0ms (cache hit)
395 http cache ms@https://registry.npmjs.org/ms/-/ms-2.1.3.tgz 1ms (cache hit)
396 http cache raw-body@https://registry.npmjs.org/raw-body/-/raw-body-3.0.2.tgz 0ms (cache hit)
397 http cache iconv-lite@https://registry.npmjs.org/iconv-lite/-/iconv-lite-0.7.2.tgz 0ms (cache hit)
398 http cache bytes@https://registry.npmjs.org/bytes/-/bytes-3.1.2.tgz 0ms (cache hit)
399 http cache negotiator@https://registry.npmjs.org/negotiator/-/negotiator-1.0.0.tgz 0ms (cache hit)
400 http cache vary@https://registry.npmjs.org/vary/-/vary-1.1.2.tgz 0ms (cache hit)
401 http cache type-is@https://registry.npmjs.org/type-is/-/type-is-2.0.1.tgz 0ms (cache hit)
402 http cache statuses@https://registry.npmjs.org/statuses/-/statuses-2.0.2.tgz 0ms (cache hit)
403 http cache serve-static@https://registry.npmjs.org/serve-static/-/serve-static-2.2.1.tgz 0ms (cache hit)
404 http cache send@https://registry.npmjs.org/send/-/send-1.2.1.tgz 0ms (cache hit)
405 http cache range-parser@https://registry.npmjs.org/range-parser/-/range-parser-1.2.1.tgz 0ms (cache hit)
406 http cache router@https://registry.npmjs.org/router/-/router-2.2.0.tgz 0ms (cache hit)
407 http cache qs@https://registry.npmjs.org/qs/-/qs-6.14.1.tgz 0ms (cache hit)
408 http cache proxy-addr@https://registry.npmjs.org/proxy-addr/-/proxy-addr-2.0.7.tgz 0ms (cache hit)
409 http cache parseurl@https://registry.npmjs.org/parseurl/-/parseurl-1.3.3.tgz 0ms (cache hit)
410 http cache once@https://registry.npmjs.org/once/-/once-1.4.0.tgz 0ms (cache hit)
411 http cache on-finished@https://registry.npmjs.org/on-finished/-/on-finished-2.4.1.tgz 0ms (cache hit)
412 http cache mime-types@https://registry.npmjs.org/mime-types/-/mime-types-3.0.2.tgz 0ms (cache hit)
413 http cache merge-descriptors@https://registry.npmjs.org/merge-descriptors/-/merge-descriptors-2.0.0.tgz 0ms (cache hit)
414 http cache http-errors@https://registry.npmjs.org/http-errors/-/http-errors-2.0.1.tgz 0ms (cache hit)
415 http cache fresh@https://registry.npmjs.org/fresh/-/fresh-2.0.0.tgz 0ms (cache hit)
416 http cache finalhandler@https://registry.npmjs.org/finalhandler/-/finalhandler-2.1.1.tgz 0ms (cache hit)
417 http cache etag@https://registry.npmjs.org/etag/-/etag-1.8.1.tgz 0ms (cache hit)
418 http cache escape-html@https://registry.npmjs.org/escape-html/-/escape-html-1.0.3.tgz 0ms (cache hit)
419 http cache encodeurl@https://registry.npmjs.org/encodeurl/-/encodeurl-2.0.0.tgz 0ms (cache hit)
420 http cache depd@https://registry.npmjs.org/depd/-/depd-2.0.0.tgz 0ms (cache hit)
421 http cache debug@https://registry.npmjs.org/debug/-/debug-4.4.3.tgz 0ms (cache hit)
422 http cache cookie-signature@https://registry.npmjs.org/cookie-signature/-/cookie-signature-1.2.2.tgz 0ms (cache hit)
423 http cache cookie@https://registry.npmjs.org/cookie/-/cookie-0.7.2.tgz 0ms (cache hit)
424 http cache content-type@https://registry.npmjs.org/content-type/-/content-type-1.0.5.tgz 0ms (cache hit)
425 http cache content-disposition@https://registry.npmjs.org/content-disposition/-/content-disposition-1.0.1.tgz 0ms (cache hit)
426 http cache body-parser@https://registry.npmjs.org/body-parser/-/body-parser-2.2.2.tgz 0ms (cache hit)
427 http cache express@https://registry.npmjs.org/express/-/express-5.2.1.tgz 0ms (cache hit)
428 http cache accepts@https://registry.npmjs.org/accepts/-/accepts-2.0.0.tgz 0ms (cache hit)
429 silly tarball no local data for raw-body@https://registry.npmjs.org/raw-body/-/raw-body-3.0.2.tgz. Extracting by manifest.
430 silly tarball no local data for iconv-lite@https://registry.npmjs.org/iconv-lite/-/iconv-lite-0.7.2.tgz. Extracting by manifest.
431 silly tarball no local data for serve-static@https://registry.npmjs.org/serve-static/-/serve-static-2.2.1.tgz. Extracting by manifest.
432 silly tarball no local data for qs@https://registry.npmjs.org/qs/-/qs-6.14.1.tgz. Extracting by manifest.
433 silly tarball no local data for mime-types@https://registry.npmjs.org/mime-types/-/mime-types-3.0.2.tgz. Extracting by manifest.
434 silly tarball no local data for send@https://registry.npmjs.org/send/-/send-1.2.1.tgz. Extracting by manifest.
435 silly tarball no local data for http-errors@https://registry.npmjs.org/http-errors/-/http-errors-2.0.1.tgz. Extracting by manifest.
436 silly tarball no local data for finalhandler@https://registry.npmjs.org/finalhandler/-/finalhandler-2.1.1.tgz. Extracting by manifest.
437 silly tarball no local data for content-disposition@https://registry.npmjs.org/content-disposition/-/content-disposition-1.0.1.tgz. Extracting by manifest.
438 silly tarball no local data for body-parser@https://registry.npmjs.org/body-parser/-/body-parser-2.2.2.tgz. Extracting by manifest.
439 silly tarball no local data for express@https://registry.npmjs.org/express/-/express-5.2.1.tgz. Extracting by manifest.
440 http fetch POST 200 https://registry.npmjs.org/-/npm/v1/security/advisories/bulk 1914ms
441 silly audit report {}
442 http fetch GET 200 https://registry.npmjs.org/raw-body/-/raw-body-3.0.2.tgz 2429ms (cache miss)
443 http fetch GET https://registry.npmjs.org/serve-static/-/serve-static-2.2.1.tgz attempt 1 failed with ETIMEDOUT
444 http fetch GET https://registry.npmjs.org/mime-types/-/mime-types-3.0.2.tgz attempt 1 failed with ETIMEDOUT
445 http fetch GET https://registry.npmjs.org/http-errors/-/http-errors-2.0.1.tgz attempt 1 failed with ETIMEDOUT
446 http fetch GET https://registry.npmjs.org/send/-/send-1.2.1.tgz attempt 1 failed with ETIMEDOUT
447 http fetch GET https://registry.npmjs.org/iconv-lite/-/iconv-lite-0.7.2.tgz attempt 1 failed with ETIMEDOUT
448 http fetch GET https://registry.npmjs.org/finalhandler/-/finalhandler-2.1.1.tgz attempt 1 failed with ETIMEDOUT
449 http fetch GET https://registry.npmjs.org/content-disposition/-/content-disposition-1.0.1.tgz attempt 1 failed with ETIMEDOUT
450 http fetch GET https://registry.npmjs.org/body-parser/-/body-parser-2.2.2.tgz attempt 1 failed with ETIMEDOUT
451 http fetch GET https://registry.npmjs.org/express/-/express-5.2.1.tgz attempt 1 failed with ETIMEDOUT
452 http fetch GET 200 https://registry.npmjs.org/qs/-/qs-6.14.1.tgz 7327ms (cache miss)
453 http fetch GET 200 https://registry.npmjs.org/mime-types/-/mime-types-3.0.2.tgz 13242ms attempt #2 (cache miss)
454 http fetch GET 200 https://registry.npmjs.org/serve-static/-/serve-static-2.2.1.tgz 13375ms attempt #2 (cache miss)
455 http fetch GET 200 https://registry.npmjs.org/http-errors/-/http-errors-2.0.1.tgz 13445ms attempt #2 (cache miss)
456 http fetch GET 200 https://registry.npmjs.org/send/-/send-1.2.1.tgz 13753ms attempt #2 (cache miss)
457 http fetch GET 200 https://registry.npmjs.org/finalhandler/-/finalhandler-2.1.1.tgz 14101ms attempt #2 (cache miss)
458 http fetch GET 200 https://registry.npmjs.org/content-disposition/-/content-disposition-1.0.1.tgz 17873ms attempt #2 (cache miss)
459 http fetch GET 200 https://registry.npmjs.org/express/-/express-5.2.1.tgz 22345ms attempt #2 (cache miss)
460 http fetch GET 200 https://registry.npmjs.org/iconv-lite/-/iconv-lite-0.7.2.tgz 24187ms attempt #2 (cache miss)
461 http fetch GET 200 https://registry.npmjs.org/body-parser/-/body-parser-2.2.2.tgz 24491ms attempt #2 (cache miss)
462 silly ADD node_modules/media-typer
463 silly ADD node_modules/dunder-proto
464 silly ADD node_modules/math-intrinsics
465 silly ADD node_modules/hasown
466 silly ADD node_modules/has-symbols
467 silly ADD node_modules/gopd
468 silly ADD node_modules/get-proto
469 silly ADD node_modules/es-object-atoms
470 silly ADD node_modules/es-define-property
471 silly ADD node_modules/function-bind
472 silly ADD node_modules/call-bind-apply-helpers
473 silly ADD node_modules/get-intrinsic
474 silly ADD node_modules/call-bound
475 silly ADD node_modules/side-channel-weakmap
476 silly ADD node_modules/side-channel-map
477 silly ADD node_modules/side-channel-list
478 silly ADD node_modules/object-inspect
479 silly ADD node_modules/es-errors
480 silly ADD node_modules/path-to-regexp
481 silly ADD node_modules/is-promise
482 silly ADD node_modules/unpipe
483 silly ADD node_modules/side-channel
484 silly ADD node_modules/ipaddr.js
485 silly ADD node_modules/forwarded
486 silly ADD node_modules/wrappy
487 silly ADD node_modules/ee-first
488 silly ADD node_modules/mime-db
489 silly ADD node_modules/safer-buffer
490 silly ADD node_modules/toidentifier
491 silly ADD node_modules/setprototypeof
492 silly ADD node_modules/inherits
493 silly ADD node_modules/ms
494 silly ADD node_modules/raw-body
495 silly ADD node_modules/iconv-lite
496 silly ADD node_modules/bytes
497 silly ADD node_modules/negotiator
498 silly ADD node_modules/vary
499 silly ADD node_modules/type-is
500 silly ADD node_modules/statuses
501 silly ADD node_modules/serve-static
502 silly ADD node_modules/send
503 silly ADD node_modules/router
504 silly ADD node_modules/range-parser
505 silly ADD node_modules/qs
506 silly ADD node_modules/proxy-addr
507 silly ADD node_modules/parseurl
508 silly ADD node_modules/once
509 silly ADD node_modules/on-finished
510 silly ADD node_modules/mime-types
511 silly ADD node_modules/merge-descriptors
512 silly ADD node_modules/http-errors
513 silly ADD node_modules/fresh
514 silly ADD node_modules/finalhandler
515 silly ADD node_modules/etag
516 silly ADD node_modules/escape-html
517 silly ADD node_modules/encodeurl
518 silly ADD node_modules/depd
519 silly ADD node_modules/debug
520 silly ADD node_modules/cookie-signature
521 silly ADD node_modules/cookie
522 silly ADD node_modules/content-type
523 silly ADD node_modules/content-disposition
524 silly ADD node_modules/body-parser
525 silly ADD node_modules/accepts
526 silly ADD node_modules/express
527 verbose cwd /home/nidhal/devops-docker-ci/app
528 verbose os Linux 5.15.0-139-generic
529 verbose node v24.11.0
530 verbose npm  v11.6.1
531 verbose exit 0
532 info ok
